[debug] [2023-02-15T23:17:26.288Z] ----------------------------------------------------------------------
[debug] [2023-02-15T23:17:26.291Z] Command:       C:\Program Files\nodejs\node.exe C:\Users\julio\AppData\Roaming\npm\node_modules\firebase-tools\lib\bin\firebase.js init
[debug] [2023-02-15T23:17:26.291Z] CLI Version:   11.23.1
[debug] [2023-02-15T23:17:26.291Z] Platform:      win32
[debug] [2023-02-15T23:17:26.292Z] Node Version:  v18.14.0
[debug] [2023-02-15T23:17:26.293Z] Time:          Wed Feb 15 2023 17:17:26 GMT-0600 (hora estándar central)
[debug] [2023-02-15T23:17:26.294Z] ----------------------------------------------------------------------
[debug] 
[debug] [2023-02-15T23:17:26.305Z] > command requires scopes: ["email","openid","https://www.googleapis.com/auth/cloudplatformprojects.readonly","https://www.googleapis.com/auth/firebase","https://www.googleapis.com/auth/cloud-platform"]
[debug] [2023-02-15T23:17:26.305Z] > authorizing via signed-in user (juliomunozholguin@gmail.com)
[info] 
     ######## #### ########  ######## ########     ###     ######  ########
     ##        ##  ##     ## ##       ##     ##  ##   ##  ##       ##
     ######    ##  ########  ######   ########  #########  ######  ######
     ##        ##  ##    ##  ##       ##     ## ##     ##       ## ##
     ##       #### ##     ## ######## ########  ##     ##  ######  ########

You're about to initialize a Firebase project in this directory:

  C:\Users\julio\Desktop\para guardar\pagina web

[info] 
=== Project Setup
[info] 
[info] First, let's associate this project directory with a Firebase project.
[info] You can create multiple project aliases by running firebase use --add, 
[info] but for now we'll just set up a default project.
[info] 
[debug] [2023-02-15T23:18:45.395Z] >>> [apiv2][query] GET https://firebase.googleapis.com/v1beta1/projects pageSize=100
[debug] [2023-02-15T23:18:45.850Z] <<< [apiv2][status] GET https://firebase.googleapis.com/v1beta1/projects 200
[debug] [2023-02-15T23:18:45.850Z] <<< [apiv2][body] GET https://firebase.googleapis.com/v1beta1/projects [omitted]
[info] i  Using project plexclients (PlexClients) 
[info] 
=== Hosting Setup
[info] 
[info] Your public directory is the folder (relative to your project directory) that
[info] will contain Hosting assets to be uploaded with firebase deploy. If you
[info] have a build process for your assets, use your build's output directory.
[info] 
[info] +  Wrote .//404.html 
[debug] [2023-02-15T23:21:02.684Z] >>> [apiv2][query] GET https://www.gstatic.com/firebasejs/releases.json [none]
[debug] [2023-02-15T23:21:02.790Z] <<< [apiv2][status] GET https://www.gstatic.com/firebasejs/releases.json 200
[debug] [2023-02-15T23:21:02.790Z] <<< [apiv2][body] GET https://www.gstatic.com/firebasejs/releases.json {"current":{"version":"9.17.1","browserURL":"https://www.gstatic.com/firebasejs/9.17.1/firebase.js","packageURL":"https://www.gstatic.com/firebasejs/9.17.1/firebase.tgz"},"live":{"version":"9.17","browserURL":"https://www.gstatic.com/firebasejs/live/9.17/firebase.js","packageURL":"https://www.gstatic.com/firebasejs/live/9.17/firebase.tgz"},"components":{"analytics":"https://www.gstatic.com/firebasejs/9.17.1/firebase-analytics.js","app":"https://www.gstatic.com/firebasejs/9.17.1/firebase-app.js","app-check":"https://www.gstatic.com/firebasejs/9.17.1/firebase-app-check.js","auth":"https://www.gstatic.com/firebasejs/9.17.1/firebase-auth.js","auth/cordova":"https://www.gstatic.com/firebasejs/9.17.1/firebase-auth/cordova.js","auth/react-native":"https://www.gstatic.com/firebasejs/9.17.1/firebase-auth/react-native.js","functions":"https://www.gstatic.com/firebasejs/9.17.1/firebase-functions.js","firestore":"https://www.gstatic.com/firebasejs/9.17.1/firebase-firestore.js","firestore/lite":"https://www.gstatic.com/firebasejs/9.17.1/firebase-firestore/lite.js","installations":"https://www.gstatic.com/firebasejs/9.17.1/firebase-installations.js","storage":"https://www.gstatic.com/firebasejs/9.17.1/firebase-storage.js","performance":"https://www.gstatic.com/firebasejs/9.17.1/firebase-performance.js","remote-config":"https://www.gstatic.com/firebasejs/9.17.1/firebase-remote-config.js","messaging":"https://www.gstatic.com/firebasejs/9.17.1/firebase-messaging.js","messaging/sw":"https://www.gstatic.com/firebasejs/9.17.1/firebase-messaging/sw.js","database":"https://www.gstatic.com/firebasejs/9.17.1/firebase-database.js","firestore.memory":"https://www.gstatic.com/firebasejs/9.17.1/firebase-firestore.memory.js"}}
[info] i  Skipping write of .//index.html 
[info] 
[info] i  Didn't detect a .git folder. Assuming C:\Users\julio\Desktop\para guardar\pagina web is the project root. 
[info] i  Authorizing with GitHub to upload your service account to a GitHub repository's secrets store. 
[info] 
[info] Visit this URL on this device to log in:
[info] https://github.com/login/oauth/authorize?client_id=89cf50f02ac6aaed3484&state=93998273&redirect_uri=http%3A%2F%2Flocalhost%3A9005&scope=read%3Auser%20repo%20public_repo
[info] 
[info] Waiting for authentication...
[debug] [2023-02-15T23:21:28.316Z] >>> [apiv2][query] POST https://github.com/login/oauth/access_token [none]
[debug] [2023-02-15T23:21:28.317Z] >>> [apiv2][body] POST https://github.com/login/oauth/access_token [stream]
[debug] [2023-02-15T23:21:28.662Z] <<< [apiv2][status] POST https://github.com/login/oauth/access_token 200
[debug] [2023-02-15T23:21:28.662Z] <<< [apiv2][body] POST https://github.com/login/oauth/access_token {"access_token":"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","token_type":"bearer","scope":"read:user,repo"}
[debug] [2023-02-15T23:21:28.671Z] >>> [apiv2][query] GET https://api.github.com/user [none]
[debug] [2023-02-15T23:21:29.073Z] <<< [apiv2][status] GET https://api.github.com/user 200
[debug] [2023-02-15T23:21:29.073Z] <<< [apiv2][body] GET https://api.github.com/user {"login":"EpIxeLM","id":110072450,"node_id":"U_kgDOBo-Sgg","avatar_url":"https://avatars.githubusercontent.com/u/110072450?v=4","gravatar_id":"","url":"https://api.github.com/users/EpIxeLM","html_url":"https://github.com/EpIxeLM","followers_url":"https://api.github.com/users/EpIxeLM/followers","following_url":"https://api.github.com/users/EpIxeLM/following{/other_user}","gists_url":"https://api.github.com/users/EpIxeLM/gists{/gist_id}","starred_url":"https://api.github.com/users/EpIxeLM/starred{/owner}{/repo}","subscriptions_url":"https://api.github.com/users/EpIxeLM/subscriptions","organizations_url":"https://api.github.com/users/EpIxeLM/orgs","repos_url":"https://api.github.com/users/EpIxeLM/repos","events_url":"https://api.github.com/users/EpIxeLM/events{/privacy}","received_events_url":"https://api.github.com/users/EpIxeLM/received_events","type":"User","site_admin":false,"name":null,"company":null,"blog":"","location":null,"email":null,"hireable":null,"bio":null,"twitter_username":null,"public_repos":2,"public_gists":0,"followers":0,"following":0,"created_at":"2022-07-27T00:50:26Z","updated_at":"2023-02-15T02:47:09Z","private_gists":0,"total_private_repos":0,"owned_private_repos":0,"disk_usage":2,"collaborators":0,"two_factor_authentication":false,"plan":{"name":"free","space":976562499,"collaborators":0,"private_repos":10000}}
[info] 
[info] +  Success! Logged into GitHub as EpIxeLM 
[info] 
